<?xml version="1.0" encoding="UTF-8"?>
<!-- Generated by org.testng.reporters.JUnitReportReporter -->
<testsuite hostname="Ankush-PC" failures="0" tests="1" name="testcases.TestCase2" time="2.149" errors="0" timestamp="2023-03-05T13:50:44 IST" skipped="0">
  <testcase classname="testcases.TestCase2" name="VerifyHomePage" time="2.149"/>
  <system-out/>
</testsuite> <!-- testcases.TestCase2 -->
